<?xml version="1.0" encoding="UTF-8"?>
<!-- Generated by org.testng.reporters.JUnitXMLReporter -->
<testsuite hostname="HMS-Barkha-QA" name="FireFoxTest" tests="42" failures="0" timestamp="29 Jan 2018 06:46:59 GMT" time="8.716" errors="0">
  <testcase name="@BeforeMethod LaunchApp" time="0.0" classname="com.hotelogix.smoke.FrontdeskTest.FrontdeskTest">
    <failure type="java.lang.NullPointerException">
      <![CDATA[java.lang.NullPointerException
	at com.hotelogix.smoke.genericandbase.GenericMethods.fn_LaunchBrowser(GenericMethods.java:450)
	at com.hotelogix.smoke.genericandbase.GenericMethods.fn_OpenFrontdesk(GenericMethods.java:320)
	at com.hotelogix.smoke.FrontdeskTest.FrontdeskTest.LaunchApp(FrontdeskTest.java:129)
	at sun.reflect.NativeMethodAccessorImpl.invoke0(Native Method)
	at sun.reflect.NativeMethodAccessorImpl.invoke(NativeMethodAccessorImpl.java:62)
	at sun.reflect.DelegatingMethodAccessorImpl.invoke(DelegatingMethodAccessorImpl.java:43)
	at java.lang.reflect.Method.invoke(Method.java:497)
	at org.testng.internal.MethodInvocationHelper.invokeMethod(MethodInvocationHelper.java:84)
	at org.testng.internal.Invoker.invokeConfigurationMethod(Invoker.java:564)
	at org.testng.internal.Invoker.invokeConfigurations(Invoker.java:213)
	at org.testng.internal.Invoker.invokeMethod(Invoker.java:653)
	at org.testng.internal.Invoker.invokeTestMethod(Invoker.java:901)
	at org.testng.internal.Invoker.invokeTestMethods(Invoker.java:1231)
	at org.testng.internal.TestMethodWorker.invokeTestMethods(TestMethodWorker.java:127)
	at org.testng.internal.TestMethodWorker.run(TestMethodWorker.java:111)
	at org.testng.TestRunner.privateRun(TestRunner.java:767)
	at org.testng.TestRunner.run(TestRunner.java:617)
	at org.testng.SuiteRunner.runTest(SuiteRunner.java:348)
	at org.testng.SuiteRunner.runSequentially(SuiteRunner.java:343)
	at org.testng.SuiteRunner.privateRun(SuiteRunner.java:305)
	at org.testng.SuiteRunner.run(SuiteRunner.java:254)
	at org.testng.SuiteRunnerWorker.runSuite(SuiteRunnerWorker.java:52)
	at org.testng.SuiteRunnerWorker.run(SuiteRunnerWorker.java:86)
	at org.testng.TestNG.runSuitesSequentially(TestNG.java:1224)
	at org.testng.TestNG.runSuitesLocally(TestNG.java:1149)
	at org.testng.TestNG.run(TestNG.java:1057)
	at org.testng.remote.AbstractRemoteTestNG.run(AbstractRemoteTestNG.java:132)
	at org.testng.remote.RemoteTestNG.initAndRun(RemoteTestNG.java:236)
	at org.testng.remote.RemoteTestNG.main(RemoteTestNG.java:81)
]]>
    </failure>
  </testcase> <!-- @BeforeMethod LaunchApp -->
  <testcase name="@AfterMethod closeApp" time="0.0" classname="com.hotelogix.smoke.FrontdeskTest.FrontdeskTest">
    <skipped/>
  </testcase> <!-- @AfterMethod closeApp -->
  <testcase name="@BeforeMethod LaunchApp" time="0.0" classname="com.hotelogix.smoke.FrontdeskTest.FrontdeskTest">
    <skipped/>
  </testcase> <!-- @BeforeMethod LaunchApp -->
  <testcase name="@AfterMethod closeApp" time="0.0" classname="com.hotelogix.smoke.FrontdeskTest.FrontdeskTest">
    <skipped/>
  </testcase> <!-- @AfterMethod closeApp -->
  <testcase name="@BeforeMethod LaunchApp" time="0.0" classname="com.hotelogix.smoke.FrontdeskTest.FrontdeskTest">
    <skipped/>
  </testcase> <!-- @BeforeMethod LaunchApp -->
  <testcase name="@AfterMethod closeApp" time="0.0" classname="com.hotelogix.smoke.FrontdeskTest.FrontdeskTest">
    <skipped/>
  </testcase> <!-- @AfterMethod closeApp -->
  <testcase name="@BeforeMethod LaunchApp" time="0.0" classname="com.hotelogix.smoke.FrontdeskTest.FrontdeskTest">
    <skipped/>
  </testcase> <!-- @BeforeMethod LaunchApp -->
  <testcase name="@AfterMethod closeApp" time="0.0" classname="com.hotelogix.smoke.FrontdeskTest.FrontdeskTest">
    <skipped/>
  </testcase> <!-- @AfterMethod closeApp -->
  <testcase name="@BeforeMethod LaunchApp" time="0.0" classname="com.hotelogix.smoke.FrontdeskTest.FrontdeskTest">
    <skipped/>
  </testcase> <!-- @BeforeMethod LaunchApp -->
  <testcase name="@AfterMethod closeApp" time="0.0" classname="com.hotelogix.smoke.FrontdeskTest.FrontdeskTest">
    <skipped/>
  </testcase> <!-- @AfterMethod closeApp -->
  <testcase name="@BeforeMethod LaunchApp" time="0.0" classname="com.hotelogix.smoke.FrontdeskTest.FrontdeskTest">
    <skipped/>
  </testcase> <!-- @BeforeMethod LaunchApp -->
  <testcase name="@AfterMethod closeApp" time="0.0" classname="com.hotelogix.smoke.FrontdeskTest.FrontdeskTest">
    <skipped/>
  </testcase> <!-- @AfterMethod closeApp -->
  <testcase name="@BeforeMethod LaunchApp" time="0.0" classname="com.hotelogix.smoke.FrontdeskTest.FrontdeskTest">
    <skipped/>
  </testcase> <!-- @BeforeMethod LaunchApp -->
  <testcase name="@AfterMethod closeApp" time="0.0" classname="com.hotelogix.smoke.FrontdeskTest.FrontdeskTest">
    <skipped/>
  </testcase> <!-- @AfterMethod closeApp -->
  <testcase name="@BeforeMethod LaunchApp" time="0.0" classname="com.hotelogix.smoke.FrontdeskTest.FrontdeskTest">
    <skipped/>
  </testcase> <!-- @BeforeMethod LaunchApp -->
  <testcase name="@AfterMethod closeApp" time="0.0" classname="com.hotelogix.smoke.FrontdeskTest.FrontdeskTest">
    <skipped/>
  </testcase> <!-- @AfterMethod closeApp -->
  <testcase name="@BeforeMethod LaunchApp" time="0.0" classname="com.hotelogix.smoke.FrontdeskTest.FrontdeskTest">
    <skipped/>
  </testcase> <!-- @BeforeMethod LaunchApp -->
  <testcase name="@AfterMethod closeApp" time="0.0" classname="com.hotelogix.smoke.FrontdeskTest.FrontdeskTest">
    <skipped/>
  </testcase> <!-- @AfterMethod closeApp -->
  <testcase name="@BeforeMethod LaunchApp" time="0.0" classname="com.hotelogix.smoke.FrontdeskTest.FrontdeskTest">
    <skipped/>
  </testcase> <!-- @BeforeMethod LaunchApp -->
  <testcase name="@AfterMethod closeApp" time="0.0" classname="com.hotelogix.smoke.FrontdeskTest.FrontdeskTest">
    <skipped/>
  </testcase> <!-- @AfterMethod closeApp -->
  <testcase name="@BeforeMethod LaunchApp" time="0.0" classname="com.hotelogix.smoke.FrontdeskTest.FrontdeskTest">
    <skipped/>
  </testcase> <!-- @BeforeMethod LaunchApp -->
  <testcase name="@AfterMethod closeApp" time="0.0" classname="com.hotelogix.smoke.FrontdeskTest.FrontdeskTest">
    <skipped/>
  </testcase> <!-- @AfterMethod closeApp -->
  <testcase name="@BeforeMethod LaunchApp" time="0.0" classname="com.hotelogix.smoke.FrontdeskTest.FrontdeskTest">
    <skipped/>
  </testcase> <!-- @BeforeMethod LaunchApp -->
  <testcase name="@AfterMethod closeApp" time="0.0" classname="com.hotelogix.smoke.FrontdeskTest.FrontdeskTest">
    <skipped/>
  </testcase> <!-- @AfterMethod closeApp -->
  <testcase name="@BeforeMethod LaunchApp" time="0.0" classname="com.hotelogix.smoke.FrontdeskTest.FrontdeskTest">
    <skipped/>
  </testcase> <!-- @BeforeMethod LaunchApp -->
  <testcase name="@AfterMethod closeApp" time="0.0" classname="com.hotelogix.smoke.FrontdeskTest.FrontdeskTest">
    <skipped/>
  </testcase> <!-- @AfterMethod closeApp -->
  <testcase name="@BeforeMethod LaunchApp" time="0.0" classname="com.hotelogix.smoke.FrontdeskTest.FrontdeskTest">
    <skipped/>
  </testcase> <!-- @BeforeMethod LaunchApp -->
  <testcase name="@AfterMethod closeApp" time="0.0" classname="com.hotelogix.smoke.FrontdeskTest.FrontdeskTest">
    <skipped/>
  </testcase> <!-- @AfterMethod closeApp -->
  <testcase name="@BeforeMethod LaunchApp" time="0.0" classname="com.hotelogix.smoke.FrontdeskTest.FrontdeskTest">
    <skipped/>
  </testcase> <!-- @BeforeMethod LaunchApp -->
  <testcase name="@AfterMethod closeApp" time="0.0" classname="com.hotelogix.smoke.FrontdeskTest.FrontdeskTest">
    <skipped/>
  </testcase> <!-- @AfterMethod closeApp -->
  <testcase name="@BeforeMethod LaunchApp" time="0.0" classname="com.hotelogix.smoke.FrontdeskTest.FrontdeskTest">
    <skipped/>
  </testcase> <!-- @BeforeMethod LaunchApp -->
  <testcase name="@AfterMethod closeApp" time="0.0" classname="com.hotelogix.smoke.FrontdeskTest.FrontdeskTest">
    <skipped/>
  </testcase> <!-- @AfterMethod closeApp -->
  <testcase name="@BeforeMethod LaunchApp" time="0.0" classname="com.hotelogix.smoke.FrontdeskTest.FrontdeskTest">
    <skipped/>
  </testcase> <!-- @BeforeMethod LaunchApp -->
  <testcase name="@AfterMethod closeApp" time="0.0" classname="com.hotelogix.smoke.FrontdeskTest.FrontdeskTest">
    <skipped/>
  </testcase> <!-- @AfterMethod closeApp -->
  <testcase name="@BeforeMethod LaunchApp" time="0.0" classname="com.hotelogix.smoke.FrontdeskTest.FrontdeskTest">
    <skipped/>
  </testcase> <!-- @BeforeMethod LaunchApp -->
  <testcase name="@AfterMethod closeApp" time="0.0" classname="com.hotelogix.smoke.FrontdeskTest.FrontdeskTest">
    <skipped/>
  </testcase> <!-- @AfterMethod closeApp -->
  <testcase name="@BeforeMethod LaunchApp" time="0.0" classname="com.hotelogix.smoke.FrontdeskTest.FrontdeskTest">
    <skipped/>
  </testcase> <!-- @BeforeMethod LaunchApp -->
  <testcase name="@AfterMethod closeApp" time="0.0" classname="com.hotelogix.smoke.FrontdeskTest.FrontdeskTest">
    <skipped/>
  </testcase> <!-- @AfterMethod closeApp -->
  <testcase name="@BeforeMethod LaunchApp" time="0.0" classname="com.hotelogix.smoke.FrontdeskTest.FrontdeskTest">
    <skipped/>
  </testcase> <!-- @BeforeMethod LaunchApp -->
  <testcase name="@AfterMethod closeApp" time="0.0" classname="com.hotelogix.smoke.FrontdeskTest.FrontdeskTest">
    <skipped/>
  </testcase> <!-- @AfterMethod closeApp -->
  <testcase name="@BeforeMethod LaunchApp" time="0.0" classname="com.hotelogix.smoke.FrontdeskTest.FrontdeskTest">
    <skipped/>
  </testcase> <!-- @BeforeMethod LaunchApp -->
  <testcase name="@AfterMethod closeApp" time="0.0" classname="com.hotelogix.smoke.FrontdeskTest.FrontdeskTest">
    <skipped/>
  </testcase> <!-- @AfterMethod closeApp -->
  <testcase name="@BeforeMethod LaunchApp" time="0.0" classname="com.hotelogix.smoke.FrontdeskTest.FrontdeskTest">
    <skipped/>
  </testcase> <!-- @BeforeMethod LaunchApp -->
  <testcase name="@AfterMethod closeApp" time="0.0" classname="com.hotelogix.smoke.FrontdeskTest.FrontdeskTest">
    <skipped/>
  </testcase> <!-- @AfterMethod closeApp -->
  <testcase name="@BeforeMethod LaunchApp" time="0.0" classname="com.hotelogix.smoke.FrontdeskTest.FrontdeskTest">
    <skipped/>
  </testcase> <!-- @BeforeMethod LaunchApp -->
  <testcase name="@AfterMethod closeApp" time="0.0" classname="com.hotelogix.smoke.FrontdeskTest.FrontdeskTest">
    <skipped/>
  </testcase> <!-- @AfterMethod closeApp -->
  <testcase name="@BeforeMethod LaunchApp" time="0.0" classname="com.hotelogix.smoke.FrontdeskTest.FrontdeskTest">
    <skipped/>
  </testcase> <!-- @BeforeMethod LaunchApp -->
  <testcase name="@AfterMethod closeApp" time="0.0" classname="com.hotelogix.smoke.FrontdeskTest.FrontdeskTest">
    <skipped/>
  </testcase> <!-- @AfterMethod closeApp -->
  <testcase name="@BeforeMethod LaunchApp" time="0.0" classname="com.hotelogix.smoke.FrontdeskTest.FrontdeskTest">
    <skipped/>
  </testcase> <!-- @BeforeMethod LaunchApp -->
  <testcase name="@AfterMethod closeApp" time="0.0" classname="com.hotelogix.smoke.FrontdeskTest.FrontdeskTest">
    <skipped/>
  </testcase> <!-- @AfterMethod closeApp -->
  <testcase name="@BeforeMethod LaunchApp" time="0.0" classname="com.hotelogix.smoke.FrontdeskTest.FrontdeskTest">
    <skipped/>
  </testcase> <!-- @BeforeMethod LaunchApp -->
  <testcase name="@AfterMethod closeApp" time="0.0" classname="com.hotelogix.smoke.FrontdeskTest.FrontdeskTest">
    <skipped/>
  </testcase> <!-- @AfterMethod closeApp -->
  <testcase name="@BeforeMethod LaunchApp" time="0.0" classname="com.hotelogix.smoke.FrontdeskTest.FrontdeskTest">
    <skipped/>
  </testcase> <!-- @BeforeMethod LaunchApp -->
  <testcase name="@AfterMethod closeApp" time="0.0" classname="com.hotelogix.smoke.FrontdeskTest.FrontdeskTest">
    <skipped/>
  </testcase> <!-- @AfterMethod closeApp -->
  <testcase name="@BeforeMethod LaunchApp" time="0.0" classname="com.hotelogix.smoke.FrontdeskTest.FrontdeskTest">
    <skipped/>
  </testcase> <!-- @BeforeMethod LaunchApp -->
  <testcase name="@AfterMethod closeApp" time="0.0" classname="com.hotelogix.smoke.FrontdeskTest.FrontdeskTest">
    <skipped/>
  </testcase> <!-- @AfterMethod closeApp -->
  <testcase name="@BeforeMethod LaunchApp" time="0.0" classname="com.hotelogix.smoke.FrontdeskTest.FrontdeskTest">
    <skipped/>
  </testcase> <!-- @BeforeMethod LaunchApp -->
  <testcase name="@AfterMethod closeApp" time="0.0" classname="com.hotelogix.smoke.FrontdeskTest.FrontdeskTest">
    <skipped/>
  </testcase> <!-- @AfterMethod closeApp -->
  <testcase name="@BeforeMethod LaunchApp" time="0.0" classname="com.hotelogix.smoke.FrontdeskTest.FrontdeskTest">
    <skipped/>
  </testcase> <!-- @BeforeMethod LaunchApp -->
  <testcase name="@AfterMethod closeApp" time="0.0" classname="com.hotelogix.smoke.FrontdeskTest.FrontdeskTest">
    <skipped/>
  </testcase> <!-- @AfterMethod closeApp -->
  <testcase name="@BeforeMethod LaunchApp" time="0.0" classname="com.hotelogix.smoke.FrontdeskTest.FrontdeskTest">
    <skipped/>
  </testcase> <!-- @BeforeMethod LaunchApp -->
  <testcase name="@AfterMethod closeApp" time="0.0" classname="com.hotelogix.smoke.FrontdeskTest.FrontdeskTest">
    <skipped/>
  </testcase> <!-- @AfterMethod closeApp -->
  <testcase name="@BeforeMethod LaunchApp" time="0.0" classname="com.hotelogix.smoke.FrontdeskTest.FrontdeskTest">
    <skipped/>
  </testcase> <!-- @BeforeMethod LaunchApp -->
  <testcase name="@AfterMethod closeApp" time="0.0" classname="com.hotelogix.smoke.FrontdeskTest.FrontdeskTest">
    <skipped/>
  </testcase> <!-- @AfterMethod closeApp -->
  <testcase name="@BeforeMethod LaunchApp" time="0.0" classname="com.hotelogix.smoke.FrontdeskTest.FrontdeskTest">
    <skipped/>
  </testcase> <!-- @BeforeMethod LaunchApp -->
  <testcase name="@AfterMethod closeApp" time="0.0" classname="com.hotelogix.smoke.FrontdeskTest.FrontdeskTest">
    <skipped/>
  </testcase> <!-- @AfterMethod closeApp -->
  <testcase name="@BeforeMethod LaunchApp" time="0.0" classname="com.hotelogix.smoke.FrontdeskTest.FrontdeskTest">
    <skipped/>
  </testcase> <!-- @BeforeMethod LaunchApp -->
  <testcase name="@AfterMethod closeApp" time="0.0" classname="com.hotelogix.smoke.FrontdeskTest.FrontdeskTest">
    <skipped/>
  </testcase> <!-- @AfterMethod closeApp -->
  <testcase name="@BeforeMethod LaunchApp" time="0.0" classname="com.hotelogix.smoke.FrontdeskTest.FrontdeskTest">
    <skipped/>
  </testcase> <!-- @BeforeMethod LaunchApp -->
  <testcase name="@AfterMethod closeApp" time="0.0" classname="com.hotelogix.smoke.FrontdeskTest.FrontdeskTest">
    <skipped/>
  </testcase> <!-- @AfterMethod closeApp -->
  <testcase name="@BeforeMethod LaunchApp" time="0.0" classname="com.hotelogix.smoke.FrontdeskTest.FrontdeskTest">
    <skipped/>
  </testcase> <!-- @BeforeMethod LaunchApp -->
  <testcase name="@AfterMethod closeApp" time="0.0" classname="com.hotelogix.smoke.FrontdeskTest.FrontdeskTest">
    <skipped/>
  </testcase> <!-- @AfterMethod closeApp -->
  <testcase name="@BeforeMethod LaunchApp" time="0.0" classname="com.hotelogix.smoke.FrontdeskTest.FrontdeskTest">
    <skipped/>
  </testcase> <!-- @BeforeMethod LaunchApp -->
  <testcase name="@AfterMethod closeApp" time="0.0" classname="com.hotelogix.smoke.FrontdeskTest.FrontdeskTest">
    <skipped/>
  </testcase> <!-- @AfterMethod closeApp -->
  <testcase name="@BeforeMethod LaunchApp" time="0.0" classname="com.hotelogix.smoke.FrontdeskTest.FrontdeskTest">
    <skipped/>
  </testcase> <!-- @BeforeMethod LaunchApp -->
  <testcase name="@AfterMethod closeApp" time="0.0" classname="com.hotelogix.smoke.FrontdeskTest.FrontdeskTest">
    <skipped/>
  </testcase> <!-- @AfterMethod closeApp -->
  <testcase name="@BeforeMethod LaunchApp" time="0.0" classname="com.hotelogix.smoke.FrontdeskTest.FrontdeskTest">
    <skipped/>
  </testcase> <!-- @BeforeMethod LaunchApp -->
  <testcase name="@AfterMethod closeApp" time="0.0" classname="com.hotelogix.smoke.FrontdeskTest.FrontdeskTest">
    <skipped/>
  </testcase> <!-- @AfterMethod closeApp -->
  <testcase name="@BeforeMethod LaunchApp" time="0.0" classname="com.hotelogix.smoke.FrontdeskTest.FrontdeskTest">
    <skipped/>
  </testcase> <!-- @BeforeMethod LaunchApp -->
  <testcase name="@AfterMethod closeApp" time="0.0" classname="com.hotelogix.smoke.FrontdeskTest.FrontdeskTest">
    <skipped/>
  </testcase> <!-- @AfterMethod closeApp -->
  <testcase name="@BeforeMethod LaunchApp" time="0.0" classname="com.hotelogix.smoke.FrontdeskTest.FrontdeskTest">
    <skipped/>
  </testcase> <!-- @BeforeMethod LaunchApp -->
  <testcase name="@AfterMethod closeApp" time="0.0" classname="com.hotelogix.smoke.FrontdeskTest.FrontdeskTest">
    <skipped/>
  </testcase> <!-- @AfterMethod closeApp -->
  <testcase name="@BeforeMethod LaunchApp" time="0.0" classname="com.hotelogix.smoke.FrontdeskTest.FrontdeskTest">
    <skipped/>
  </testcase> <!-- @BeforeMethod LaunchApp -->
  <testcase name="@AfterMethod closeApp" time="0.0" classname="com.hotelogix.smoke.FrontdeskTest.FrontdeskTest">
    <skipped/>
  </testcase> <!-- @AfterMethod closeApp -->
  <testcase name="TC_180_181_182_183_184_185_186_187_188" time="0.003" classname="com.hotelogix.smoke.FrontdeskTest.FrontdeskTest">
    <skipped/>
  </testcase> <!-- TC_180_181_182_183_184_185_186_187_188 -->
  <testcase name="TC_189_190" time="0.002" classname="com.hotelogix.smoke.FrontdeskTest.FrontdeskTest">
    <skipped/>
  </testcase> <!-- TC_189_190 -->
  <testcase name="TC_191" time="0.001" classname="com.hotelogix.smoke.FrontdeskTest.FrontdeskTest">
    <skipped/>
  </testcase> <!-- TC_191 -->
  <testcase name="fn_verifyPriceAndDiscAmtOnMoreDetailPage" time="0.001" classname="com.hotelogix.smoke.FrontdeskTest.FrontdeskTest">
    <skipped/>
  </testcase> <!-- fn_verifyPriceAndDiscAmtOnMoreDetailPage -->
  <testcase name="TC_194_195_196_197_198_199_200_201" time="0.001" classname="com.hotelogix.smoke.FrontdeskTest.FrontdeskTest">
    <skipped/>
  </testcase> <!-- TC_194_195_196_197_198_199_200_201 -->
  <testcase name="fn_verifyAutoNAPostingsInAccounts" time="0.0" classname="com.hotelogix.smoke.FrontdeskTest.FrontdeskTest">
    <skipped/>
  </testcase> <!-- fn_verifyAutoNAPostingsInAccounts -->
  <testcase name="fn_verifyHouseCountReportForSpecificDateRange" time="0.006" classname="com.hotelogix.smoke.FrontdeskTest.FrontdeskTest">
    <skipped/>
  </testcase> <!-- fn_verifyHouseCountReportForSpecificDateRange -->
  <testcase name="fn_verifyMonthlySummaryReportForSpecificMonth" time="0.001" classname="com.hotelogix.smoke.FrontdeskTest.FrontdeskTest">
    <skipped/>
  </testcase> <!-- fn_verifyMonthlySummaryReportForSpecificMonth -->
  <testcase name="fn_verifyCashierReport" time="0.0" classname="com.hotelogix.smoke.FrontdeskTest.FrontdeskTest">
    <skipped/>
  </testcase> <!-- fn_verifyCashierReport -->
  <testcase name="fn_verifyNoShowReportForSpecificDateRange" time="0.001" classname="com.hotelogix.smoke.FrontdeskTest.FrontdeskTest">
    <skipped/>
  </testcase> <!-- fn_verifyNoShowReportForSpecificDateRange -->
  <testcase name="fn_verifyExportOfMonthlySummaryReport" time="0.0" classname="com.hotelogix.smoke.FrontdeskTest.FrontdeskTest">
    <skipped/>
  </testcase> <!-- fn_verifyExportOfMonthlySummaryReport -->
  <testcase name="fn_verifyExportOfDiscountReport" time="0.001" classname="com.hotelogix.smoke.FrontdeskTest.FrontdeskTest">
    <skipped/>
  </testcase> <!-- fn_verifyExportOfDiscountReport -->
  <testcase name="fn_verifyExportOfDailySalesReport" time="0.0" classname="com.hotelogix.smoke.FrontdeskTest.FrontdeskTest">
    <skipped/>
  </testcase> <!-- fn_verifyExportOfDailySalesReport -->
  <testcase name="fn_verifyCalcOfHouseCountReport" time="0.0" classname="com.hotelogix.smoke.FrontdeskTest.FrontdeskTest">
    <skipped/>
  </testcase> <!-- fn_verifyCalcOfHouseCountReport -->
  <testcase name="fn_CreateGroupReservOnWeb" time="0.0" classname="com.hotelogix.smoke.FrontdeskTest.FrontdeskTest">
    <skipped/>
  </testcase> <!-- fn_CreateGroupReservOnWeb -->
  <testcase name="fn_verifyCheckinBtnInSingleReserv" time="0.0" classname="com.hotelogix.smoke.FrontdeskTest.FrontdeskTest">
    <skipped/>
  </testcase> <!-- fn_verifyCheckinBtnInSingleReserv -->
  <testcase name="fn_verifySingleLinkAndCheckinBtn" time="0.001" classname="com.hotelogix.smoke.FrontdeskTest.FrontdeskTest">
    <skipped/>
  </testcase> <!-- fn_verifySingleLinkAndCheckinBtn -->
  <testcase name="fn_verifyEarlyCheckinBtnInReserv" time="0.0" classname="com.hotelogix.smoke.FrontdeskTest.FrontdeskTest">
    <skipped/>
  </testcase> <!-- fn_verifyEarlyCheckinBtnInReserv -->
  <testcase name="fn_verifySingleLinkAndEarlyCheckinBtn" time="0.0" classname="com.hotelogix.smoke.FrontdeskTest.FrontdeskTest">
    <skipped/>
  </testcase> <!-- fn_verifySingleLinkAndEarlyCheckinBtn -->
  <testcase name="fn_verifyGuestCheckInLnkForSingleReserv" time="0.001" classname="com.hotelogix.smoke.FrontdeskTest.FrontdeskTest">
    <skipped/>
  </testcase> <!-- fn_verifyGuestCheckInLnkForSingleReserv -->
  <testcase name="fn_verifySingleLnkAndGuestCheckinLnk" time="0.0" classname="com.hotelogix.smoke.FrontdeskTest.FrontdeskTest">
    <skipped/>
  </testcase> <!-- fn_verifySingleLnkAndGuestCheckinLnk -->
  <testcase name="fn_verifyGuestEarlyCheckinLnkInSingleReserv" time="0.0" classname="com.hotelogix.smoke.FrontdeskTest.FrontdeskTest">
    <skipped/>
  </testcase> <!-- fn_verifyGuestEarlyCheckinLnkInSingleReserv -->
  <testcase name="fn_verifySingleLnkAndEarlyGuestCheckinLnk" time="0.0" classname="com.hotelogix.smoke.FrontdeskTest.FrontdeskTest">
    <skipped/>
  </testcase> <!-- fn_verifySingleLnkAndEarlyGuestCheckinLnk -->
  <testcase name="fn_verifyGroupCheckinBtnInGrpReserv" time="0.001" classname="com.hotelogix.smoke.FrontdeskTest.FrontdeskTest">
    <skipped/>
  </testcase> <!-- fn_verifyGroupCheckinBtnInGrpReserv -->
  <testcase name="fn_verifyCheckinSelectedInGrpReserv" time="0.0" classname="com.hotelogix.smoke.FrontdeskTest.FrontdeskTest">
    <skipped/>
  </testcase> <!-- fn_verifyCheckinSelectedInGrpReserv -->
  <testcase name="fn_verifyGroupCheckinBtnIn1N1RGroupReserv" time="0.0" classname="com.hotelogix.smoke.FrontdeskTest.FrontdeskTest">
    <skipped/>
  </testcase> <!-- fn_verifyGroupCheckinBtnIn1N1RGroupReserv -->
  <testcase name="fn_verifyCheckinBtnForSingleGuestInGrpReserv" time="0.001" classname="com.hotelogix.smoke.FrontdeskTest.FrontdeskTest">
    <skipped/>
  </testcase> <!-- fn_verifyCheckinBtnForSingleGuestInGrpReserv -->
  <testcase name="fn_verifyEarlyCheckinBtnForSingleGuestInGrpReserv" time="0.0" classname="com.hotelogix.smoke.FrontdeskTest.FrontdeskTest">
    <skipped/>
  </testcase> <!-- fn_verifyEarlyCheckinBtnForSingleGuestInGrpReserv -->
  <testcase name="fn_verifyGuestCheckinBtnForSingleGuestInGrpReserv" time="0.0" classname="com.hotelogix.smoke.FrontdeskTest.FrontdeskTest">
    <skipped/>
  </testcase> <!-- fn_verifyGuestCheckinBtnForSingleGuestInGrpReserv -->
  <testcase name="fn_verifyGuestEarlyCheckinBtnForSingleGuestInGrpReserv" time="0.001" classname="com.hotelogix.smoke.FrontdeskTest.FrontdeskTest">
    <skipped/>
  </testcase> <!-- fn_verifyGuestEarlyCheckinBtnForSingleGuestInGrpReserv -->
  <testcase name="fn_verifyRtClkCheckoutInSingleReserv" time="0.001" classname="com.hotelogix.smoke.FrontdeskTest.FrontdeskTest">
    <skipped/>
  </testcase> <!-- fn_verifyRtClkCheckoutInSingleReserv -->
  <testcase name="fn_verifyEnableEditingCheckoutInSingleReserv" time="0.0" classname="com.hotelogix.smoke.FrontdeskTest.FrontdeskTest">
    <skipped/>
  </testcase> <!-- fn_verifyEnableEditingCheckoutInSingleReserv -->
  <testcase name="fn_verifyEnableEditingLateCheckoutInSingleReserv" time="0.0" classname="com.hotelogix.smoke.FrontdeskTest.FrontdeskTest">
    <skipped/>
  </testcase> <!-- fn_verifyEnableEditingLateCheckoutInSingleReserv -->
  <testcase name="fn_verifyExpressCheckoutInSingleReserv" time="0.0" classname="com.hotelogix.smoke.FrontdeskTest.FrontdeskTest">
    <skipped/>
  </testcase> <!-- fn_verifyExpressCheckoutInSingleReserv -->
  <testcase name="fn_verifyGuestCheckoutInSingleReserv" time="0.0" classname="com.hotelogix.smoke.FrontdeskTest.FrontdeskTest">
    <skipped/>
  </testcase> <!-- fn_verifyGuestCheckoutInSingleReserv -->
  <testcase name="fn_verifyRgtClickGroupCheckoutLink" time="0.0" classname="com.hotelogix.smoke.FrontdeskTest.FrontdeskTest">
    <skipped/>
  </testcase> <!-- fn_verifyRgtClickGroupCheckoutLink -->
  <testcase name="fn_verifyGrpChkoutBtnOnEnableEditing" time="0.0" classname="com.hotelogix.smoke.FrontdeskTest.FrontdeskTest">
    <skipped/>
  </testcase> <!-- fn_verifyGrpChkoutBtnOnEnableEditing -->
  <testcase name="fn_verifyCheckoutSelectedInGrpReserv" time="0.0" classname="com.hotelogix.smoke.FrontdeskTest.FrontdeskTest">
    <skipped/>
  </testcase> <!-- fn_verifyCheckoutSelectedInGrpReserv -->
  <testcase name="fn_verifyGroupChkoutInGrpReserv" time="0.0" classname="com.hotelogix.smoke.FrontdeskTest.FrontdeskTest">
    <skipped/>
  </testcase> <!-- fn_verifyGroupChkoutInGrpReserv -->
  <testcase name="fn_verifyExpressChkoutInGrpReserv" time="0.0" classname="com.hotelogix.smoke.FrontdeskTest.FrontdeskTest">
    <skipped/>
  </testcase> <!-- fn_verifyExpressChkoutInGrpReserv -->
  <testcase name="fn_verifyChkoutForSingleGuestInGrpReserv" time="0.0" classname="com.hotelogix.smoke.FrontdeskTest.FrontdeskTest">
    <skipped/>
  </testcase> <!-- fn_verifyChkoutForSingleGuestInGrpReserv -->
  <testcase name="fn_verifyLateChkoutForSingleGuestInGrpReserv" time="0.0" classname="com.hotelogix.smoke.FrontdeskTest.FrontdeskTest">
    <skipped/>
  </testcase> <!-- fn_verifyLateChkoutForSingleGuestInGrpReserv -->
</testsuite> <!-- FireFoxTest -->
